	// POST artfully-staging.herokuapp.com/store/order // Store::OrdersController#show as HTML
  // *skip* POST "/store/events/67" // Store::EventsController#show as HTML // Parameters: {"id"=>"67"}
  // *skip* GET "/api/events/67.jsonp" // Api::EventsController#show // Parameters: {"callback"=>"jQuery15206865967682097107_1328902227714", "_"=>"1328902227734", "id"=>"67"}
  // *skip* GET "/api/organizations/92/authorization.jsonp" // Api::EventsController#show as JSON // Parameters: {"callback"=>"jQuery15206865967682097107_1328902227715", "_"=>"1328902227735", "organization_id"=>"92"}
  // GET "/api/tickets.jsonp" // Api::TicketsController#index as JSON // Parameters: {"callback"=>"jQuery15206865967682097107_1328902227716", "limit"=>"1", "show_id"=>"189", "price"=>"10000", "_"=>"1328902247282"}
  // POST "/store/order" // Store::OrdersController#create as HTML // Parameters: {"tickets"=>["20001"]}
  // POST "/store/order" // Store::OrdersController#create as HTML // Parameters: {"utf8"=>"✓", "authenticity_token"=>"oGmh5IrGv6CU3aPbpERHFNTpZg6YAiwLXY66d0zev6I=", "donation"=>{"organization_id"=>"92", "amount"=>"1000"}, "old_donation"=>{"amount"=>"$10.00"}, "commit"=>"Make Donation"}
  // *skip* GET "/store/checkout/new" // Store::CheckoutsController#new as HTML
  // POST "/store/checkout" // Store::CheckoutsController#create as HTML // Parameters: {"utf8"=>"✓", "authenticity_token"=>"oGmh5IrGv6CU3aPbpERHFNTpZg6YAiwLXY66d0zev6I=", "athena_payment"=>{"athena_customer"=>{"first_name"=>"test", "last_name"=>"test", "phone"=>"test", "email"=>"test@test.com"}, "athena_credit_card"=>{"cardholder_name"=>"test test", "card_number"=>"4242424242424242", "cvv"=>"123", "expiration_date(3i)"=>"1", "expiration_date(2i)"=>"2", "expiration_date(1i)"=>"2015"}, "billing_address"=>{"street_address1"=>"test", "city"=>"test", "state"=>"AL", "postal_code"=>"12345"}, "user_agreement"=>"1"}, "confirmation"=>"1", "commit"=>"Purchase"}



2012-02-10T19:30:47+00:00 heroku[router]: GET artfully-staging.herokuapp.com/api/tickets.jsonp dyno=web.1 queue=0 wait=0ms service=500ms status=200 bytes=421
2012-02-10T19:30:48+00:00 app[web.1]: 
2012-02-10T19:30:48+00:00 app[web.1]: 
2012-02-10T19:30:48+00:00 app[web.1]: Started GET "/store/order" for 66.90.147.168 at 2012-02-10 19:28:53 +0000
2012-02-10T19:30:48+00:00 app[web.1]: ** [Copycopter] [P:1] [T:19431860] No new translations
2012-02-10T19:30:48+00:00 app[web.1]:   Processing by Store::OrdersController#show as HTML
2012-02-10T19:30:48+00:00 app[web.1]:   Cart Load (1.2ms)  SELECT `carts`.* FROM `carts` WHERE `carts`.`id` = 6241 LIMIT 1
2012-02-10T19:30:48+00:00 app[web.1]:   Ticket Load (42.3ms)  SELECT `tickets`.* FROM `tickets` WHERE (`tickets`.cart_id = 6241)
2012-02-10T19:30:48+00:00 app[web.1]:   Organization Load (1.3ms)  SELECT `organizations`.* FROM `organizations` WHERE `organizations`.`id` = 92 LIMIT 1
2012-02-10T19:30:48+00:00 app[web.1]:   Kit Load (1.2ms)  SELECT `kits`.* FROM `kits` WHERE (`kits`.organization_id = 92) ORDER BY created_at DESC
2012-02-10T19:30:48+00:00 app[web.1]:   Donation Load (1.2ms)  SELECT `donations`.* FROM `donations` WHERE (`donations`.cart_id = 6241)
2012-02-10T19:30:48+00:00 app[web.1]:   Show Load (1.1ms)  SELECT `shows`.* FROM `shows` WHERE `shows`.`id` = 189 LIMIT 1
2012-02-10T19:30:48+00:00 app[web.1]:   Event Load (1.4ms)  SELECT `events`.* FROM `events` WHERE `events`.`deleted_at` IS NULL AND `events`.`id` = 67 LIMIT 1
2012-02-10T19:30:48+00:00 app[web.1]:   Venue Load (1.2ms)  SELECT `venues`.* FROM `venues` WHERE `venues`.`id` = 68 LIMIT 1
2012-02-10T19:30:48+00:00 app[web.1]: Rendered store/tickets/_ticket.html.haml (12.1ms)
2012-02-10T19:30:48+00:00 app[web.1]: Rendered store/donations/_form.html.haml (3.6ms)
2012-02-10T19:30:48+00:00 app[web.1]: Rendered layouts/_google_analytics.html.haml (0.0ms)
2012-02-10T19:30:48+00:00 app[web.1]: Rendered layouts/_flash.html.haml (0.0ms)
2012-02-10T19:30:48+00:00 app[web.1]: Rendered store/orders/show.html.haml within layouts/cart (23.5ms)
2012-02-10T19:30:48+00:00 app[web.1]: Completed 200 OK in 96ms (Views: 19.3ms | ActiveRecord: 90.6ms)
2012-02-10T19:30:48+00:00 app[web.1]: 
2012-02-10T19:30:48+00:00 heroku[router]: POST artfully-staging.herokuapp.com/store/order dyno=web.1 queue=0 wait=0ms service=341ms status=302 bytes=127
2012-02-10T19:30:48+00:00 app[web.1]: 
2012-02-10T19:30:48+00:00 app[web.1]: Started GET "/store/events/67" for 66.90.147.168 at 2012-02-10 19:30:27 +0000
2012-02-10T19:30:48+00:00 app[web.1]: ** [Copycopter] [P:1] [T:19431860] Downloaded translations
2012-02-10T19:30:48+00:00 app[web.1]:   Processing by Store::EventsController#show as HTML
2012-02-10T19:30:48+00:00 app[web.1]:   Parameters: {"id"=>"67"}
2012-02-10T19:30:48+00:00 app[web.1]:   Event Load (1.3ms)  SELECT `events`.* FROM `events` WHERE `events`.`deleted_at` IS NULL AND `events`.`old_mongo_id` = '67' LIMIT 1
2012-02-10T19:30:48+00:00 app[web.1]:   Event Load (1.1ms)  SELECT `events`.* FROM `events` WHERE `events`.`deleted_at` IS NULL AND `events`.`id` = 67 LIMIT 1
2012-02-10T19:30:48+00:00 app[web.1]: Rendered widgets/_event.html.erb (0.1ms)
2012-02-10T19:30:48+00:00 app[web.1]:   Organization Load (1.0ms)  SELECT `organizations`.* FROM `organizations` WHERE `organizations`.`id` = 92 LIMIT 1
2012-02-10T19:30:48+00:00 app[web.1]:   Kit Load (1.0ms)  SELECT `kits`.* FROM `kits` WHERE (`kits`.organization_id = 92) ORDER BY created_at DESC
2012-02-10T19:30:48+00:00 app[web.1]: Rendered widgets/_donation.html.erb (0.1ms)
2012-02-10T19:30:48+00:00 app[web.1]:   Venue Load (1.0ms)  SELECT `venues`.* FROM `venues` WHERE `venues`.`id` = 68 LIMIT 1
2012-02-10T19:30:48+00:00 app[web.1]: Rendered layouts/_google_analytics.html.haml (0.0ms)
2012-02-10T19:30:48+00:00 app[web.1]: Rendered store/events/show.html.haml within layouts/store (11.9ms)
2012-02-10T19:30:48+00:00 app[web.1]: Completed 200 OK in 17ms (Views: 9.4ms | ActiveRecord: 5.5ms)
2012-02-10T19:30:48+00:00 app[web.1]: 
2012-02-10T19:30:48+00:00 app[web.1]: 
2012-02-10T19:30:48+00:00 app[web.1]: Started GET "/store/order" for 66.90.147.168 at 2012-02-10 19:30:27 +0000
2012-02-10T19:30:48+00:00 app[web.1]: ** [Copycopter] [P:1] [T:19431860] No new translations
2012-02-10T19:30:48+00:00 app[web.1]:   Processing by Store::OrdersController#show as HTML
2012-02-10T19:30:48+00:00 app[web.1]:   Cart Load (1.3ms)  SELECT `carts`.* FROM `carts` WHERE `carts`.`id` = 6241 LIMIT 1
2012-02-10T19:30:48+00:00 app[web.1]:   Ticket Load (23.7ms)  SELECT `tickets`.* FROM `tickets` WHERE (`tickets`.cart_id = 6241)
2012-02-10T19:30:48+00:00 app[web.1]:   Organization Load (4.9ms)  SELECT `organizations`.* FROM `organizations` WHERE `organizations`.`id` = 92 LIMIT 1
2012-02-10T19:30:48+00:00 app[web.1]:   Kit Load (1.2ms)  SELECT `kits`.* FROM `kits` WHERE (`kits`.organization_id = 92) ORDER BY created_at DESC
2012-02-10T19:30:48+00:00 app[web.1]:   Donation Load (1.8ms)  SELECT `donations`.* FROM `donations` WHERE (`donations`.cart_id = 6241)
2012-02-10T19:30:48+00:00 app[web.1]:   Show Load (1.2ms)  SELECT `shows`.* FROM `shows` WHERE `shows`.`id` = 189 LIMIT 1
2012-02-10T19:30:48+00:00 app[web.1]:   Event Load (1.2ms)  SELECT `events`.* FROM `events` WHERE `events`.`deleted_at` IS NULL AND `events`.`id` = 67 LIMIT 1
2012-02-10T19:30:48+00:00 app[web.1]:   Venue Load (1.1ms)  SELECT `venues`.* FROM `venues` WHERE `venues`.`id` = 68 LIMIT 1
2012-02-10T19:30:48+00:00 app[web.1]: Rendered store/tickets/_ticket.html.haml (6.2ms)
2012-02-10T19:30:48+00:00 app[web.1]: Rendered store/donations/_form.html.haml (1.2ms)
2012-02-10T19:30:48+00:00 app[web.1]: Rendered layouts/_google_analytics.html.haml (0.0ms)
2012-02-10T19:30:48+00:00 app[web.1]: Rendered layouts/_flash.html.haml (0.0ms)
2012-02-10T19:30:48+00:00 app[web.1]: Rendered store/orders/show.html.haml within layouts/cart (13.2ms)
2012-02-10T19:30:48+00:00 app[web.1]: Completed 200 OK in 50ms (Views: 8.4ms | ActiveRecord: 36.3ms)
2012-02-10T19:30:48+00:00 app[web.1]: 
2012-02-10T19:30:48+00:00 app[web.1]: 
2012-02-10T19:30:48+00:00 app[web.1]: Started GET "/api/events/67.jsonp?callback=jQuery15206865967682097107_1328902227714&_=1328902227734" for 66.90.147.168 at 2012-02-10 19:30:28 +0000
2012-02-10T19:30:48+00:00 app[web.1]: ** [Copycopter] [P:1] [T:19431860] Timeout::Error: Timeout::Error
2012-02-10T19:30:48+00:00 app[web.1]:   Processing by Api::EventsController#show as JSON
2012-02-10T19:30:48+00:00 app[web.1]:   Parameters: {"callback"=>"jQuery15206865967682097107_1328902227714", "_"=>"1328902227734", "id"=>"67"}
2012-02-10T19:30:48+00:00 app[web.1]:   Event Load (1.3ms)  SELECT `events`.* FROM `events` WHERE `events`.`deleted_at` IS NULL AND `events`.`old_mongo_id` = '67' LIMIT 1
2012-02-10T19:30:48+00:00 app[web.1]:   Event Load (1.2ms)  SELECT `events`.* FROM `events` WHERE `events`.`deleted_at` IS NULL AND `events`.`id` = 67 LIMIT 1
2012-02-10T19:30:48+00:00 app[web.1]:   Show Load (1.2ms)  SELECT `shows`.* FROM `shows` WHERE (`shows`.event_id = 67) ORDER BY datetime
2012-02-10T19:30:48+00:00 app[web.1]:   Chart Load (1.2ms)  SELECT `charts`.* FROM `charts` WHERE `charts`.`id` = 149 LIMIT 1
2012-02-10T19:30:48+00:00 app[web.1]:   CACHE (0.0ms)  SELECT `events`.* FROM `events` WHERE `events`.`deleted_at` IS NULL AND `events`.`id` = 67 LIMIT 1
2012-02-10T19:30:48+00:00 app[web.1]:   Venue Load (1.1ms)  SELECT `venues`.* FROM `venues` WHERE `venues`.`id` = 68 LIMIT 1
2012-02-10T19:30:48+00:00 app[web.1]:   CACHE (0.0ms)  SELECT `venues`.* FROM `venues` WHERE `venues`.`id` = 68 LIMIT 1
2012-02-10T19:30:48+00:00 app[web.1]:   CACHE (0.0ms)  SELECT `charts`.* FROM `charts` WHERE `charts`.`id` = 149 LIMIT 1
2012-02-10T19:30:48+00:00 app[web.1]:   CACHE (0.0ms)  SELECT `events`.* FROM `events` WHERE `events`.`deleted_at` IS NULL AND `events`.`id` = 67 LIMIT 1
2012-02-10T19:30:48+00:00 app[web.1]:   CACHE (0.0ms)  SELECT `venues`.* FROM `venues` WHERE `venues`.`id` = 68 LIMIT 1
2012-02-10T19:30:48+00:00 app[web.1]:   Chart Load (1.2ms)  SELECT `charts`.* FROM `charts` WHERE (`charts`.event_id = 67)
2012-02-10T19:30:48+00:00 app[web.1]:   Section Load (1.2ms)  SELECT `sections`.* FROM `sections` WHERE (`sections`.chart_id = 149) ORDER BY price DESC
2012-02-10T19:30:48+00:00 app[web.1]: Completed 200 OK in 21ms (Views: 5.5ms | ActiveRecord: 8.4ms)
2012-02-10T19:30:48+00:00 app[web.1]: 
2012-02-10T19:30:48+00:00 app[web.1]: 
2012-02-10T19:30:48+00:00 app[web.1]: Started GET "/api/organizations/92/authorization.jsonp?callback=jQuery15206865967682097107_1328902227715&_=1328902227735" for 66.90.147.168 at 2012-02-10 19:30:33 +0000
2012-02-10T19:30:48+00:00 app[web.1]: ** [Copycopter] [P:1] [T:19431860] No new translations
2012-02-10T19:30:48+00:00 app[web.1]:   Processing by Api::OrganizationsController#authorization as JSON
2012-02-10T19:30:48+00:00 app[web.1]:   Parameters: {"callback"=>"jQuery15206865967682097107_1328902227715", "_"=>"1328902227735", "organization_id"=>"92"}
2012-02-10T19:30:48+00:00 app[web.1]:   Organization Load (1.2ms)  SELECT `organizations`.* FROM `organizations` WHERE `organizations`.`id` = 92 LIMIT 1
2012-02-10T19:30:48+00:00 app[web.1]:   Kit Load (1.1ms)  SELECT `kits`.* FROM `kits` WHERE (`kits`.organization_id = 92) ORDER BY created_at DESC
2012-02-10T19:30:48+00:00 app[web.1]:   SQL (1.1ms)  SELECT COUNT(*) FROM `kits` WHERE `kits`.`type` = 'SponsoredDonationKit' AND (`kits`.organization_id = 92)
2012-02-10T19:30:48+00:00 app[web.1]:   SQL (1.1ms)  SELECT COUNT(*) FROM `kits` WHERE `kits`.`type` = 'RegularDonationKit' AND (`kits`.organization_id = 92)
2012-02-10T19:30:48+00:00 app[web.1]: Completed 200 OK in 10ms (Views: 0.4ms | ActiveRecord: 4.5ms)
2012-02-10T19:30:48+00:00 app[web.1]: 
2012-02-10T19:30:48+00:00 app[web.1]: 
2012-02-10T19:30:48+00:00 app[web.1]: Started GET "/api/tickets.jsonp?callback=jQuery15206865967682097107_1328902227716&limit=1&show_id=189&price=10000&_=1328902247282" for 66.90.147.168 at 2012-02-10 19:30:47 +0000
2012-02-10T19:30:48+00:00 app[web.1]: ** [Copycopter] [P:1] [T:19431860] No new translations
2012-02-10T19:30:48+00:00 app[web.1]:   Processing by Api::TicketsController#index as JSON
2012-02-10T19:30:48+00:00 app[web.1]:   Parameters: {"callback"=>"jQuery15206865967682097107_1328902227716", "limit"=>"1", "show_id"=>"189", "price"=>"10000", "_"=>"1328902247282"}
2012-02-10T19:30:48+00:00 app[web.1]:   Ticket Load (46.5ms)  SELECT `tickets`.* FROM `tickets` WHERE `tickets`.`show_id` = 189 AND `tickets`.`price` = 10000 AND `tickets`.`state` = 'on_sale' AND `tickets`.`cart_id` IS NULL LIMIT 1
2012-02-10T19:30:48+00:00 app[web.1]:   Section Load (15.6ms)  SELECT `sections`.* FROM `sections` WHERE `sections`.`id` = 275 LIMIT 1
2012-02-10T19:30:48+00:00 app[web.1]: Completed 200 OK in 69ms (Views: 1.1ms | ActiveRecord: 62.2ms)
2012-02-10T19:30:48+00:00 app[web.1]: 
2012-02-10T19:30:48+00:00 app[web.1]: 
2012-02-10T19:30:48+00:00 app[web.1]: Started POST "/store/order" for 66.90.147.168 at 2012-02-10 19:30:47 +0000
2012-02-10T19:30:48+00:00 app[web.1]: ** [Copycopter] [P:1] [T:19431860] No new translations
2012-02-10T19:30:48+00:00 app[web.1]:   Processing by Store::OrdersController#create as HTML
2012-02-10T19:30:48+00:00 app[web.1]:   Parameters: {"tickets"=>["20001"]}
2012-02-10T19:30:48+00:00 app[web.1]:   Cart Load (1.4ms)  SELECT `carts`.* FROM `carts` WHERE `carts`.`id` = 6241 LIMIT 1
2012-02-10T19:30:48+00:00 app[web.1]:   Ticket Load (21.5ms)  SELECT `tickets`.* FROM `tickets` WHERE (`tickets`.cart_id = 6241)
2012-02-10T19:30:48+00:00 app[web.1]:   Ticket Load (1.2ms)  SELECT `tickets`.* FROM `tickets` WHERE `tickets`.`id` = 20001 LIMIT 1
2012-02-10T19:30:48+00:00 app[web.1]:   SQL (2.3ms)  BEGIN
2012-02-10T19:30:48+00:00 app[web.1]:   AREL (1.2ms)  UPDATE `tickets` SET `cart_id` = 6241, `updated_at` = '2012-02-10 19:30:48' WHERE `tickets`.`id` = 20001
2012-02-10T19:30:48+00:00 app[web.1]:   AREL (1.2ms)  INSERT INTO `delayed_jobs` (`priority`, `attempts`, `handler`, `last_error`, `run_at`, `locked_at`, `failed_at`, `locked_by`, `created_at`, `updated_at`) VALUES (0, 0, '--- !ruby/struct:Delayed::PerformableMethod \nobject: !ruby/ActiveRecord:Cart \n attributes: \n id: 6241\n state: started\n transaction_id: \n created_at: 2012-02-09 16:14:11 Z\n updated_at: 2012-02-09 16:14:11 Z\nmethod_name: :expire_ticket\nargs: \n- !ruby/ActiveRecord:Ticket \n attributes: \n id: 20001\n venue: Ambrose Theatre\n state: on_sale\n price: 10000\n sold_price: \n sold_at: \n buyer_id: \n show_id: 189\n organization_id: 92\n created_at: 2012-01-27 16:28:34 Z\n updated_at: 2012-02-10 19:30:48.237791 Z\n cart_id: 6241\n old_mongo_id: \n section_id: 275\n', NULL, '2012-02-10 19:40:48', NULL, NULL, NULL, '2012-02-10 19:30:48', '2012-02-10 19:30:48')
2012-02-10T19:30:48+00:00 app[web.1]:   SQL (5.4ms)  COMMIT
2012-02-10T19:30:48+00:00 app[web.1]:   SQL (1.0ms)  BEGIN
2012-02-10T19:30:48+00:00 app[web.1]:   SQL (1.0ms)  COMMIT
2012-02-10T19:30:48+00:00 app[web.1]: Redirected to https://artfully-staging.herokuapp.com/store/order
2012-02-10T19:30:48+00:00 app[web.1]: Completed 302 Found in 46ms
2012-02-10T19:30:48+00:00 heroku[router]: GET artfully-staging.herokuapp.com/store/order dyno=web.1 queue=0 wait=0ms service=317ms status=200 bytes=4004
2012-02-10T19:31:03+00:00 heroku[router]: POST artfully-staging.herokuapp.com/store/order dyno=web.1 queue=0 wait=0ms service=103ms status=302 bytes=127
2012-02-10T19:31:04+00:00 heroku[router]: GET artfully-staging.herokuapp.com/store/order dyno=web.1 queue=0 wait=0ms service=687ms status=200 bytes=4119
2012-02-10T19:31:08+00:00 heroku[router]: GET artfully-staging.herokuapp.com/store/checkout/new dyno=web.1 queue=0 wait=0ms service=308ms status=200 bytes=10416
2012-02-10T19:32:04+00:00 app[web.1]: 
2012-02-10T19:32:04+00:00 app[web.1]: 
2012-02-10T19:32:04+00:00 app[web.1]: Started GET "/store/order" for 66.90.147.168 at 2012-02-10 19:30:48 +0000
2012-02-10T19:32:04+00:00 app[web.1]: ** [Copycopter] [P:1] [T:19431860] No new translations
2012-02-10T19:32:04+00:00 app[web.1]:   Processing by Store::OrdersController#show as HTML
2012-02-10T19:32:04+00:00 app[web.1]:   Cart Load (1.5ms)  SELECT `carts`.* FROM `carts` WHERE `carts`.`id` = 6241 LIMIT 1
2012-02-10T19:32:04+00:00 app[web.1]:   Ticket Load (32.8ms)  SELECT `tickets`.* FROM `tickets` WHERE (`tickets`.cart_id = 6241)
2012-02-10T19:32:04+00:00 app[web.1]:   Organization Load (1.2ms)  SELECT `organizations`.* FROM `organizations` WHERE `organizations`.`id` = 92 LIMIT 1
2012-02-10T19:32:04+00:00 app[web.1]:   Kit Load (1.2ms)  SELECT `kits`.* FROM `kits` WHERE (`kits`.organization_id = 92) ORDER BY created_at DESC
2012-02-10T19:32:04+00:00 app[web.1]:   Donation Load (2.0ms)  SELECT `donations`.* FROM `donations` WHERE (`donations`.cart_id = 6241)
2012-02-10T19:32:04+00:00 app[web.1]:   Show Load (5.4ms)  SELECT `shows`.* FROM `shows` WHERE `shows`.`id` = 189 LIMIT 1
2012-02-10T19:32:04+00:00 app[web.1]:   Event Load (1.3ms)  SELECT `events`.* FROM `events` WHERE `events`.`deleted_at` IS NULL AND `events`.`id` = 67 LIMIT 1
2012-02-10T19:32:04+00:00 app[web.1]:   Venue Load (1.1ms)  SELECT `venues`.* FROM `venues` WHERE `venues`.`id` = 68 LIMIT 1
2012-02-10T19:32:04+00:00 app[web.1]: Rendered store/tickets/_ticket.html.haml (13.8ms)
2012-02-10T19:32:04+00:00 app[web.1]:   CACHE (0.0ms)  SELECT `shows`.* FROM `shows` WHERE `shows`.`id` = 189 LIMIT 1
2012-02-10T19:32:04+00:00 app[web.1]:   CACHE (0.0ms)  SELECT `events`.* FROM `events` WHERE `events`.`deleted_at` IS NULL AND `events`.`id` = 67 LIMIT 1
2012-02-10T19:32:04+00:00 app[web.1]:   CACHE (0.0ms)  SELECT `venues`.* FROM `venues` WHERE `venues`.`id` = 68 LIMIT 1
2012-02-10T19:32:04+00:00 app[web.1]: Rendered store/tickets/_ticket.html.haml (3.8ms)
2012-02-10T19:32:04+00:00 app[web.1]: Rendered store/donations/_form.html.haml (1.4ms)
2012-02-10T19:32:04+00:00 app[web.1]: Rendered layouts/_google_analytics.html.haml (0.0ms)
2012-02-10T19:32:04+00:00 app[web.1]: Rendered layouts/_flash.html.haml (0.0ms)
2012-02-10T19:32:04+00:00 app[web.1]: Rendered store/orders/show.html.haml within layouts/cart (34.4ms)
2012-02-10T19:32:04+00:00 app[web.1]: Completed 200 OK in 79ms (Views: 25.2ms | ActiveRecord: 82.6ms)
2012-02-10T19:32:04+00:00 app[web.1]: 
2012-02-10T19:32:04+00:00 app[web.1]: 
2012-02-10T19:32:04+00:00 app[web.1]: Started POST "/store/order" for 66.90.147.168 at 2012-02-10 19:31:03 +0000
2012-02-10T19:32:04+00:00 app[web.1]: ** [Copycopter] [P:1] [T:19431860] No new translations
2012-02-10T19:32:04+00:00 app[web.1]:   Processing by Store::OrdersController#create as HTML
2012-02-10T19:32:04+00:00 app[web.1]:   Parameters: {"utf8"=>"✓", "authenticity_token"=>"oGmh5IrGv6CU3aPbpERHFNTpZg6YAiwLXY66d0zev6I=", "donation"=>{"organization_id"=>"92", "amount"=>"1000"}, "old_donation"=>{"amount"=>"$10.00"}, "commit"=>"Make Donation"}
2012-02-10T19:32:04+00:00 app[web.1]:   Organization Load (1.7ms)  SELECT `organizations`.* FROM `organizations` WHERE `organizations`.`id` = 92 LIMIT 1
2012-02-10T19:32:04+00:00 app[web.1]:   Cart Load (1.5ms)  SELECT `carts`.* FROM `carts` WHERE `carts`.`id` = 6241 LIMIT 1
2012-02-10T19:32:04+00:00 app[web.1]:   Ticket Load (21.6ms)  SELECT `tickets`.* FROM `tickets` WHERE (`tickets`.cart_id = 6241)
2012-02-10T19:32:04+00:00 app[web.1]:   SQL (1.0ms)  BEGIN
2012-02-10T19:32:04+00:00 app[web.1]:   SQL (1.8ms)  describe `donations`
2012-02-10T19:32:04+00:00 app[web.1]:   AREL (1.1ms)  INSERT INTO `donations` (`amount`, `cart_id`, `organization_id`, `created_at`, `updated_at`) VALUES (1000, 6241, 92, '2012-02-10 19:31:03', '2012-02-10 19:31:03')
2012-02-10T19:32:04+00:00 app[web.1]:   SQL (9.2ms)  COMMIT
2012-02-10T19:32:04+00:00 app[web.1]:   SQL (1.0ms)  BEGIN
2012-02-10T19:32:04+00:00 app[web.1]:   SQL (1.2ms)  COMMIT
2012-02-10T19:32:04+00:00 app[web.1]: Redirected to https://artfully-staging.herokuapp.com/store/order
2012-02-10T19:32:04+00:00 app[web.1]: Completed 302 Found in 52ms
2012-02-10T19:32:04+00:00 heroku[router]: POST artfully-staging.herokuapp.com/store/checkout dyno=web.1 queue=0 wait=0ms service=1709ms status=200 bytes=10763
2012-02-10T19:32:04+00:00 app[web.1]: 
2012-02-10T19:32:04+00:00 app[web.1]: 
2012-02-10T19:32:04+00:00 app[web.1]: Started GET "/store/order" for 66.90.147.168 at 2012-02-10 19:31:03 +0000
2012-02-10T19:32:04+00:00 app[web.1]: ** [Copycopter] [P:1] [T:19431860] No new translations
2012-02-10T19:32:04+00:00 app[web.1]:   Processing by Store::OrdersController#show as HTML
2012-02-10T19:32:04+00:00 app[web.1]:   Cart Load (1.3ms)  SELECT `carts`.* FROM `carts` WHERE `carts`.`id` = 6241 LIMIT 1
2012-02-10T19:32:04+00:00 app[web.1]:   Ticket Load (21.3ms)  SELECT `tickets`.* FROM `tickets` WHERE (`tickets`.cart_id = 6241)
2012-02-10T19:32:04+00:00 app[web.1]:   Organization Load (1.4ms)  SELECT `organizations`.* FROM `organizations` WHERE `organizations`.`id` = 92 LIMIT 1
2012-02-10T19:32:04+00:00 app[web.1]:   Kit Load (3.3ms)  SELECT `kits`.* FROM `kits` WHERE (`kits`.organization_id = 92) ORDER BY created_at DESC
2012-02-10T19:32:04+00:00 app[web.1]:   Donation Load (1.4ms)  SELECT `donations`.* FROM `donations` WHERE (`donations`.cart_id = 6241)
2012-02-10T19:32:04+00:00 app[web.1]:   Show Load (1.1ms)  SELECT `shows`.* FROM `shows` WHERE `shows`.`id` = 189 LIMIT 1
2012-02-10T19:32:04+00:00 app[web.1]:   Event Load (2.5ms)  SELECT `events`.* FROM `events` WHERE `events`.`deleted_at` IS NULL AND `events`.`id` = 67 LIMIT 1
2012-02-10T19:32:04+00:00 app[web.1]:   Venue Load (3.6ms)  SELECT `venues`.* FROM `venues` WHERE `venues`.`id` = 68 LIMIT 1
2012-02-10T19:32:04+00:00 app[web.1]: Rendered store/tickets/_ticket.html.haml (13.5ms)
2012-02-10T19:32:04+00:00 app[web.1]:   CACHE (0.0ms)  SELECT `shows`.* FROM `shows` WHERE `shows`.`id` = 189 LIMIT 1
2012-02-10T19:32:04+00:00 app[web.1]:   CACHE (0.0ms)  SELECT `events`.* FROM `events` WHERE `events`.`deleted_at` IS NULL AND `events`.`id` = 67 LIMIT 1
2012-02-10T19:32:04+00:00 app[web.1]:   CACHE (0.0ms)  SELECT `venues`.* FROM `venues` WHERE `venues`.`id` = 68 LIMIT 1
2012-02-10T19:32:04+00:00 app[web.1]: Rendered store/tickets/_ticket.html.haml (23.2ms)
2012-02-10T19:32:04+00:00 app[web.1]:   CACHE (0.0ms)  SELECT `organizations`.* FROM `organizations` WHERE `organizations`.`id` = 92 LIMIT 1
2012-02-10T19:32:04+00:00 app[web.1]: Rendered store/donations/_donation.html.haml (2.8ms)
2012-02-10T19:32:04+00:00 app[web.1]: Rendered store/donations/_form.html.haml (2.4ms)
2012-02-10T19:32:04+00:00 app[web.1]: Rendered layouts/_google_analytics.html.haml (0.1ms)
2012-02-10T19:32:04+00:00 app[web.1]: Rendered layouts/_flash.html.haml (0.0ms)
2012-02-10T19:32:04+00:00 app[web.1]: Rendered store/orders/show.html.haml within layouts/cart (54.5ms)
2012-02-10T19:32:04+00:00 app[web.1]: Completed 200 OK in 91ms (Views: 46.5ms | ActiveRecord: 76.1ms)
2012-02-10T19:32:04+00:00 app[web.1]: 
2012-02-10T19:32:04+00:00 app[web.1]: 
2012-02-10T19:32:04+00:00 app[web.1]: Started GET "/store/checkout/new" for 66.90.147.168 at 2012-02-10 19:31:08 +0000
2012-02-10T19:32:04+00:00 app[web.1]: ** [Copycopter] [P:1] [T:19431860] No new translations
2012-02-10T19:32:04+00:00 app[web.1]:   Processing by Store::CheckoutsController#new as HTML
2012-02-10T19:32:04+00:00 app[web.1]:   Cart Load (1.6ms)  SELECT `carts`.* FROM `carts` WHERE `carts`.`id` = 6241 LIMIT 1
2012-02-10T19:32:04+00:00 app[web.1]:   Ticket Load (21.8ms)  SELECT `tickets`.* FROM `tickets` WHERE (`tickets`.cart_id = 6241)
2012-02-10T19:32:04+00:00 app[web.1]:   Donation Load (1.2ms)  SELECT `donations`.* FROM `donations` WHERE (`donations`.cart_id = 6241)
2012-02-10T19:32:04+00:00 app[web.1]: Rendered athena_customers/_form.html.haml (7.9ms)
2012-02-10T19:32:04+00:00 app[web.1]: Rendered athena_credit_cards/_form.html.haml (11.6ms)
2012-02-10T19:32:04+00:00 app[web.1]: Rendered athena_addresses/_form.html.haml (79.2ms)
2012-02-10T19:32:04+00:00 app[web.1]: Rendered athena_payments/_form.html.haml (108.8ms)
2012-02-10T19:32:04+00:00 app[web.1]: Rendered layouts/_google_analytics.html.haml (0.0ms)
2012-02-10T19:32:04+00:00 app[web.1]: Rendered layouts/_flash.html.haml (0.0ms)
2012-02-10T19:32:04+00:00 app[web.1]: Rendered store/checkouts/new.html.haml within layouts/cart (119.9ms)
2012-02-10T19:32:04+00:00 app[web.1]: Completed 200 OK in 152ms (Views: 121.4ms | ActiveRecord: 24.6ms)
2012-02-10T19:32:04+00:00 app[web.1]: 
2012-02-10T19:32:04+00:00 app[web.1]: 
2012-02-10T19:32:04+00:00 app[web.1]: Started POST "/store/checkout" for 66.90.147.168 at 2012-02-10 19:32:03 +0000
2012-02-10T19:32:04+00:00 app[web.1]: ** [Copycopter] [P:1] [T:19431860] No new translations
2012-02-10T19:32:04+00:00 app[web.1]:   Processing by Store::CheckoutsController#create as HTML
2012-02-10T19:32:04+00:00 app[web.1]:   Parameters: {"utf8"=>"✓", "authenticity_token"=>"oGmh5IrGv6CU3aPbpERHFNTpZg6YAiwLXY66d0zev6I=", "athena_payment"=>{"athena_customer"=>{"first_name"=>"test", "last_name"=>"test", "phone"=>"test", "email"=>"test@test.com"}, "athena_credit_card"=>{"cardholder_name"=>"test test", "card_number"=>"4242424242424242", "cvv"=>"123", "expiration_date(3i)"=>"1", "expiration_date(2i)"=>"2", "expiration_date(1i)"=>"2015"}, "billing_address"=>{"street_address1"=>"test", "city"=>"test", "state"=>"AL", "postal_code"=>"12345"}, "user_agreement"=>"1"}, "confirmation"=>"1", "commit"=>"Purchase"}
2012-02-10T19:32:04+00:00 app[web.1]:   Cart Load (1.2ms)  SELECT `carts`.* FROM `carts` WHERE `carts`.`id` = 6241 LIMIT 1
2012-02-10T19:32:04+00:00 app[web.1]:   Ticket Load (69.9ms)  SELECT `tickets`.* FROM `tickets` WHERE (`tickets`.cart_id = 6241)
2012-02-10T19:32:04+00:00 app[web.1]:   Donation Load (6.2ms)  SELECT `donations`.* FROM `donations` WHERE (`donations`.cart_id = 6241)
2012-02-10T19:32:04+00:00 app[web.1]:   Organization Load (1.1ms)  SELECT `organizations`.* FROM `organizations` WHERE `organizations`.`id` = 92 LIMIT 1
2012-02-10T19:32:04+00:00 app[web.1]:   CACHE (0.0ms)  SELECT `organizations`.* FROM `organizations` WHERE `organizations`.`id` = 92 LIMIT 1
2012-02-10T19:32:04+00:00 app[web.1]:   Person Load (16.8ms)  SELECT `people`.* FROM `people` WHERE `people`.`email` = 'test@test.com' AND `people`.`organization_id` = 92 LIMIT 1
2012-02-10T19:32:04+00:00 app[web.1]:   CACHE (0.0ms)  SELECT `organizations`.* FROM `organizations` WHERE `organizations`.`id` = 92 LIMIT 1
2012-02-10T19:32:04+00:00 app[web.1]:   CACHE (0.0ms)  SELECT `organizations`.* FROM `organizations` WHERE `organizations`.`id` = 92 LIMIT 1
2012-02-10T19:32:04+00:00 app[web.1]: Processing FAFS donations
2012-02-10T19:32:04+00:00 app[web.1]: Organization 92 does not have an active FSP
2012-02-10T19:32:04+00:00 app[web.1]: POST https://athena-payments-staging.elasticbeanstalk.com:443/transactions/authorize
2012-02-10T19:32:04+00:00 app[web.1]: --> 401 Unauthorized 1143 (277.9ms)
2012-02-10T19:32:04+00:00 app[web.1]: POST https://athena-payments-staging.elasticbeanstalk.com:443/transactions/authorize
2012-02-10T19:32:04+00:00 app[web.1]: --> 200 OK 80 (1001.2ms)
2012-02-10T19:32:04+00:00 app[web.1]:   SQL (1.1ms)  BEGIN
2012-02-10T19:32:04+00:00 app[web.1]:   AREL (1.1ms)  UPDATE `carts` SET `state` = 'rejected', `updated_at` = '2012-02-10 19:32:04' WHERE `carts`.`id` = 6241
2012-02-10T19:32:04+00:00 app[web.1]:   SQL (12.7ms)  COMMIT
2012-02-10T19:32:04+00:00 app[web.1]: Rendered athena_customers/_form.html.haml (2.4ms)
2012-02-10T19:32:04+00:00 app[web.1]: Rendered athena_credit_cards/_form.html.haml (2.6ms)
2012-02-10T19:32:04+00:00 app[web.1]: Rendered athena_addresses/_form.html.haml (5.8ms)
2012-02-10T19:32:04+00:00 app[web.1]: Rendered athena_payments/_form.html.haml (101.0ms)
2012-02-10T19:32:04+00:00 app[web.1]: Rendered layouts/_google_analytics.html.haml (0.0ms)
2012-02-10T19:32:04+00:00 app[web.1]: Rendered layouts/_flash.html.haml (0.0ms)
2012-02-10T19:32:04+00:00 app[web.1]: Rendered store/checkouts/new.html.haml within layouts/cart (106.0ms)
2012-02-10T19:32:04+00:00 app[web.1]: Completed 200 OK in 1588ms (Views: 106.8ms | ActiveRecord: 110.2ms)